<?xml version="1.0" encoding="UTF-8"?>
<!-- Generated by org.testng.reporters.JUnitReportReporter -->
<testsuite skipped="0" hostname="DESKTOP-H9BS9M0" name="nopcommerce.web.user.Level_01_Register_Login" tests="1" failures="0" timestamp="01 Oct 2020 10:58:50 GMT" time="0.016" errors="0">
  <testcase name="f" time="0.016" classname="nopcommerce.web.user.Level_01_Register_Login"/>
</testsuite> <!-- nopcommerce.web.user.Level_01_Register_Login -->
