<?xml version="1.0" encoding="UTF-8"?>
<!-- Generated by org.testng.reporters.JUnitReportReporter -->
<testsuite skipped="0" hostname="DESKTOP-H9BS9M0" name="nopcommerce.web.user.Level_02_Register_Login" tests="1" failures="0" timestamp="01 Oct 2020 11:31:52 GMT" time="11.189" errors="0">
  <testcase name="TC_01_Register" time="11.189" classname="nopcommerce.web.user.Level_02_Register_Login"/>
</testsuite> <!-- nopcommerce.web.user.Level_02_Register_Login -->
