<?xml version="1.0" encoding="UTF-8"?>
<!-- Generated by org.testng.reporters.JUnitReportReporter -->
<testsuite skipped="0" hostname="DESKTOP-H9BS9M0" name="nopcommerce.web.user.Level_07_Handel_Data_Table" tests="1" failures="0" timestamp="11 Oct 2020 14:15:39 GMT" time="2.269" errors="0">
  <testcase name="TC_03_Delete_Edit_Icon" time="2.269" classname="nopcommerce.web.user.Level_07_Handel_Data_Table"/>
</testsuite> <!-- nopcommerce.web.user.Level_07_Handel_Data_Table -->
