<?xml version="1.0" encoding="UTF-8"?>
<!-- Generated by org.testng.reporters.JUnitReportReporter -->
<testsuite skipped="0" hostname="DESKTOP-H9BS9M0" name="nopcommerce.web.user.Level_08_UploadFiles" tests="2" failures="0" timestamp="12 Oct 2020 04:28:32 GMT" time="13.378" errors="0">
  <testcase name="Tc_01_UploadFiles" time="13.376" classname="nopcommerce.web.user.Level_08_UploadFiles"/>
  <testcase name="Tc_01_UploadMutilFiles" time="0.002" classname="nopcommerce.web.user.Level_08_UploadFiles"/>
</testsuite> <!-- nopcommerce.web.user.Level_08_UploadFiles -->
