<?xml version="1.0" encoding="UTF-8"?>
<!-- Generated by org.testng.reporters.JUnitReportReporter -->
<testsuite skipped="0" hostname="DESKTOP-H9BS9M0" name="nopcommerce.web.user.Level_03_Register_Login" tests="3" failures="0" timestamp="03 Oct 2020 12:32:52 GMT" time="16.438" errors="0">
  <testcase name="TC_01_Register" time="10.670" classname="nopcommerce.web.user.Level_03_Register_Login"/>
  <testcase name="TC_02_Login" time="4.055" classname="nopcommerce.web.user.Level_03_Register_Login"/>
  <testcase name="TC_03_View_My_Accout" time="1.713" classname="nopcommerce.web.user.Level_03_Register_Login"/>
</testsuite> <!-- nopcommerce.web.user.Level_03_Register_Login -->
